a b o n e m e n ć e 
a b o n ě r u j ć e 
a b s o l w ě r o w a ć 
a c c o u n t s w ě c e j 
a d m i n i s t r a c i s k i 
a d m i n i s t r a t o r o w 
a d r e s n i k 
a d r e s o w y m 
a d w e n t n i č k a 
a f h a n a r j o w 
a g r a r n e h o 
a k c e p t a n c y 
a k c e p t o w a ł 
a k c e p t u j e 
a k c e p t u j u 
z a k l e 
a k t e r i 
a k t i w i z o w a n e 
a k t i w n e 
a k t i w n y m 
a k t i w n o s ć o w 
a k t i w i z o w a l i 
a k t i w i z o w a ć 
a k t u a l i z o w a ć 
a k t u a l i z o w a n a 
a k t u a l i z o w a n j e 
a k t u a l i z o w a ł 
a k t u a l i z o w a n s k e 
a k t u a l i z o w a ć 
a k t u a l i z u j a 
a k t u a l n e h o 
a k t u a l n u 
a k t n j e 
a l f a b e t i z u j a 
a l i a n c e 
a m b r y 
h a m t s k e 
h a m t s k i 
a m u l e t a j 
a n a l y z o w a l i 
a n a l y z o w a n s k e j 
a n a l y z u j ć e 
a n g a ž o w a n e h o 
a n g a ž o w a n e j 
a n g a ž o w a ć 
a n i m ě r o w a ć 
a n o n y m i z o w a n j e 
a n s a m b l 
a n u l ě r u j e ć e 
p ř e d s t a j e n e 
a r c h i t e k t o w e 
a r c h i w o w a n j e 
r e w i l a 
a r g u m e n t u j e 
a r t i k l u 
a r y j a 
a s o c i ě r o w a n e 
a t r a k t i w n i š a 
a t r i b u t o w y m 
a w d i j o p ř i n o š k o w 
a w d i o n a h r a ć o w 
a w h u s t o j u 
a w t e n t i f i k o w a n j e 
a w t e n t i f i k o w a ć 
a w t e n t i f i k a c i s k e h o 
a w t o d i d a k t i s k i m 
a w t o d r ó h o w e 
a w t o m a t i s k i 
a w t o m a t i z o w a n y 
a w t o r i t u 
a w t o r i z o w a n s k a 
a w t o r i z o w a ć 
a w t o r o m a j 
a w t o w e h o 
a r y j e 
b a b c e 
b a h n a 
b a h n o m 
b a j o n e t a m i 
b a l o m 
b a n k o w e 
b a r j e r j o w 
b e r l i n j u 
b e r l i n s k i m 
b a r b a c h 
b a r b j e n j e 
b a r b n y 
b a r b o w 
b a r b o w u 
b a s e n a 
b a s l i l i 
b a s n i č k i 
b a s t a j i 
b a z o w a ć 
b j e n j e 
b y r g a r j o w 
b y r g a r s k e j e 
b e r z y 
b e t t i j o w e h o 
b i ć e 
b i l i n g u a l n e h o 
b i o l o g i s k i m 
b i s m a r č k o w y m 
b i t w u 
b j e r j e ć e 
b l a n d r j e n j e 
b l i s k e 
b l i s k o s ć i 
b l i š i c h 
b l i ž i 
b l o k o w a 
b l o k o w a k i 
b l o k o w a n e 
b l o k o w a n j o w 
b l o k o w a ł 
b l o k o w a n s k e 
b l o k u j e t e j 
b l u n j a n s k i 
b o ž e n j e 
b ó č n i c y 
b o h a 
b o h a l k a 
b o h a t e h o 
b o h a t s t w a 
b o h a t y 
b o h a t š a 
b o h e 
b o h i c h 
b o h o m 
b o h o w e j 
b o k a m 
b o k o s t r o n u 
b o m a m i 
b o m o j u 
b o m y 
b a r b o r i n e h o 
b r a c h a m i 
b r a n i b o r s k a 
b r a n i b o r s k e j 
b r a n i b o r s k e j u 
b r a n i b o r s k u 
b r a n ž i 
b r a t r a m 
b r a t r o w s k e j e 
b r a t r o w s t w o 
b r a t r o w 
b r a ć 
b r ě z a n t n e 
p ř i b r j o h o m a j 
b r o j a r 
b r ó n j e 
b r ó ž n i 
b r u m a k 
b r u n i c y 
b r u n y 
b r ě z o w s k e h o 
b u b n a r j a 
b u d y š i n 
b u d y š i n j e 
b u d y š i n s k e h o 
b u d y š i n s k i 
b u k o j u 
b y r g a r s k e j 
b u r o j u 
b u r y 
b u d ź 
b u d ź i 
b u d ź i ć e l 
b u d ź e m o j 
b u d ź e š 
b y d l e r j o 
b y d l e n j o m 
b y d l e n s k i m i 
b y d l i ć 
b y w a 
b y ł a 
b y ł o 
b y ć 
b ó č n i c y 
b o j a c h 
b o j a z n y 
b o j o w a ć 
b o l i ł o 
b o l o s t n j e 
b o r k o w 
b o s y 
b a ć o n y 
b o ž e h o 
b o ž e m k o 
b o ž i c h 
b ě h 
b ě r o w o w 
b ě ł e h o 
b ě ł y m i 
b ě ž e 
b ě ž n j e š e 
b ł ó t a c h 
b ł o ć a n a r j e 
b ł o ć a n s k i 
b ł u d ź i 
b ł y š ć i ć 
b j e z b a r j e r n o s ć i 
b j e z d ź ě ł a b n o s ć 
b j e z e 
b j e z n a d ź i j n y 
b j e z p o s r ě d k o w a n y 
č a c h e j u s e j 
k a j k o w u 
č a k a j a 
č a k a m e j 
č a k a t e j 
č a k a n s k e h o 
č a k a ć 
č a m p i n g o w a n i š ć u 
č o r n e 
č o r n e j e 
č o r n o c h o ł m č a n s k e h o 
č o r n y 
c e r t a 
č e r t o w y 
č a s a c h 
č a s n i k a c h 
č a s n i k o w a r s k e j 
č a s n i k a r s t w j e 
č a s o p i s a 
č a s o p i s o w 
č a s o w e h o 
č a s o w e j u 
č a s o w y 
č a s u 
c e d l k i 
č e j e j 
c i l e m i 
c i l o j u 
č e l o w u 
c e n t r a l n y m 
c e n t r u m y 
c e p t o w a r j e 
c e p t o w a r k a 
c e r a 
c y r k w i 
c y r k w i n s k i m 
c y r k w i n s k e h o 
c y r k w i n y 
c y r k w j a m i 
č e r j o m a j 
c e r t i f i k o w a n i š ć a 
c e r t i f i k o w a n j e 
c e r t i f i k a t 
c e r t i f i k a t o w y m 
č e r u 
č e r w j e n j e 
č e r w j e n y m 
č e r w j e n y 
č e r y 
č e s t n e m u 
č e s t n o h a m t s k e j 
č e s t n o h a m t s k i c h 
č e s t e 
č e s t o 
č e s ć 
č e s ć e j 
č e s ć e n j e 
č e s ć i h ł ó d n y 
č e s ć e n y 
c e t k i n 
c y ł k o w n e 
c y ł k o w n e j 
c y ł e j u 
c y ł k a 
c y ł k o w n a 
c y ł k o w n e j 
c y ł k o w n y 
c y ł o b ó č n y c h 
c y ł o d n j o w s k e 
c y ł o l ě t n y 
c y ł o n ě m s k i m 
c y ł k o w n o s t n u 
c y ł y 
c h a n n e l 
c h a r a k t e r i z o w a n y 
c h a t o w e h o 
c h e m i s k i 
c h i r u r h i 
p o č i n j o m 
c h o r i ł o 
c h o r o m 
c h o r o w a n s k e j 
s c h o w a n j u 
c h o ć e b u z 
c h o r o m 
c h r ó š ć a n s k a 
c h r ó š ć a n s k i 
c h r ó s ć i c e 
c h r ó š ć a n s k e j 
c h r ó š ć a n s k e h o 
c h t o ž 
c h o d o b n a 
c h w a l e n e j 
c h w j e j a c e j 
c h w i l i 
c h w i l u 
c h o d o j t e 
c h o d ź a c y 
c h o d ź i m 
c h o r j e 
c h o r h o j i 
c h o r o b n e 
c h o r o b n y 
c h o r o s ć a c h 
c h o r o w n i 
c h o r o w n j u 
c h o ć e b u s k e 
c h o ć e b u s k e m u 
c h o ć e b u z u 
c h ł ó d k u 
c h ł o s t a j o m n y m 
c h ł o s t a n s k i 
c h ł ó š ć e n k i 
c y r k u s o w y m 
ž i w i l n e h o 
č e h o d l a 
c o m 
c o m p u t e r a m i 
c h c e m u 
c o o j e 
w č e r a w š a 
w č e r a w š i m 
č o r n a 
c o w a n j o w 
č o ł m i k a 
č o ł m n j e 
č o ł o 
c o š 
č r j e j 
č a s p 
č u j e ć e 
c o k o r 
c u z a 
c u z n i k 
c u z o r ě č n u 
č u ć i w e j u 
d w ě l u j e 
c y b l e 
č i t a ć 
č i n i 
č i n i m y 
č i n i ć 
č i n i ł o j 
č i n i ć e 
č i n j e n e 
č i s t a 
č i s t o k r a j n i k i 
č i s t y 
č i s ć i 
č i s ł o m 
č i t a j o m n e h o 
č i t a j ć e 
č i t a k o w 
č i t a m 
č i t a n j e 
č i t a n s k u 
č i t a t e j 
č i t a n s k e 
č i t a n s k i 
č i t a r k i 
č i t a š 
č i n i t e j 
č ł o n a r 
č ł o n k a 
č ł o n k a c h 
č ł o n k i 
č ł o n s k e 
č ł o n s k i m i 
č ł o n k e j 
č ł o n k o w u 
č ł o w j e č n u 
č ł o w j e k a m 
č ł o w j e k o w 
č ł o w j e s k e h o 
č ł o w j e s k i 
č ł o w j e s k i m i 
d o d a w a j o m 
d a j o 
d a m 
d a j ć e 
d a j u 
d a j u 
d a l e j 
d a l e d a w a n j u 
d a l e k u b ł a n j e 
d a l e k u b ł a n s k i c h 
d a l e s p o s r ě d n j e n j a 
d a l e w j e d ź a c e 
d a l e w o b s t a ć e 
d a l e w u w i ć e 
d a l o k a 
d a l o k e h o 
d a l o k i 
d a l š e 
d a l š e j 
d a l š i m 
d a l š e n y 
d a l š e n y m 
d w a n a 
d a n s k i m 
d a n k a 
d a w k o w e j u 
d a w k o w y m 
d a r i k 
d a r j o w 
d a t a j a 
d a t a m 
d a t o w y 
d a w a j a 
d a w a ć 
d a ł a 
d a n s k e j e 
d a ć 
d e b a t ě r o w a ć 
d e c e n t r a l n e h o 
d e f i n o w a n j e 
d e f i n ě r u j e 
d e j o w a l i 
d y r b j a ł a 
d y r b j a ł o 
d e j i m 
d a t e j 
d e š 
d e k l a r o w a ć 
d e k o d o w a ć 
d e l a 
d e l e g o w a ł 
d e l e g u j u c e j u 
d e l k o w e 
d e m o g r a f i s k e j u 
d e m o k r a t i s k u 
d e m o n s t r o w a ł o 
d y r b j a š t e j 
h e r b s t w o 
d e r j a 
d e r j e m ě ć a 
d a r m o 
d a r m o t n j e 
d e s i g n o r o w y 
d e s k t o p o w u 
d e š i f r o w a n s k i 
d e š i f r o w a ć 
d e š ć i k o w a 
d i a h n o s t i c ě r u j u 
d i d a k t i k a r j e 
d i f e r e n c o w a n e 
d i f e r e n c o w a n e m u 
d i f e r e n c o w a n y 
d i g i t a l n e j 
d i o k s i d a 
d i r e k t o r e j 
d i s k u s i j n e h o 
d i s k u t o w a l i 
d i s k u t u j e m y 
d o s p o z i c i j 
d l e j 
d l ě š e j 
d l ě š i 
d n j a 
d n j o w a n e 
d n j o w n i k i 
d n j o w a n y m 
d o b r e 
d o b r e h o 
d o b r e h o 
d o b r o t n e 
d o b r o w ó l n y m 
d o b r o z d a ć u 
d o b r o ć i w e 
d o b r o ć i w y 
d o b r y 
d o b y w a n j e 
d o b y w a r j e 
d o b y ł 
d o b y ć 
d o b y ć e r j a 
d o b y ć e r c e 
d o b y ć e 
d o č a s n e 
d o c h a d ź a c u 
d o c h a d ź e 
d o č i n i ł 
d o č i n j e n e 
d o č i n j e n e j 
d o d a w k 
d o d a w a n k a 
d o d a w a n s k i 
d o d a w a n s k e j 
d o d a w k o w e 
d o d a w k o w e j 
d o d a w k o w y 
d o d a w a n s k u 
d o d a w a ć 
d o h l a d 
d o h l a d u j u 
d o h l a d o w a n j u 
d o h l a d o w a r s k e 
d o h l a d u j u 
d o h r o n i ć 
d o h o n j e n j u 
d o h o n i ł 
d o j e d n a w a l i 
d o j e d n a n j a 
d o j e d n a n j u 
d o k i 
d o c p ě j e 
d o c p ě j u 
d o c p ě t y c h 
d o c p ě ł 
d o c p ě ć 
d o c p j e n e 
d ó š ł o 
d o c h a d ź a m y 
d o k ł a d n e j 
d o k r a d n j e š e 
d o k ł a d n o s ć i 
d e k t o r o m a d n y 
d o k u m e n t a j 
d o k u m e n t o w a n j e 
d o k u m e n t u j u 
d o k ó n č 
d o k ó n č e n j a 
d o k ó n č e n e 
d o k ó n č i 
d o k ó n č i ł 
d o k ó n č i ł o 
d o k ł a d n e h o 
d e l n j e 
d e l n j o n ě m č i n a 
d e l n j o s e r b o w k a 
d e l n j o s e r b s k e h o 
d e l n j o s e r b s k e j e 
d e l n j o s e r b s k i 
d e l n j o s e r b y 
d e l n j o s e r b š ć i n y 
d e l n j o š l a z y n s k i 
d o m a j 
d o m j a c e 
d o m j a c n o s ć i 
d o m i n a n c e 
d o m o j u 
d o m o r ó d n y c h 
d o m o w i n s k e 
d o m o w i n y 
d o m o w i n s k e j 
d o m o w i n s k i m 
d o m o w y 
d o n j e s l i 
d o n j e s ł o 
d o t a l n e 
d o t a l n e m u 
d o n ě n j o t n e 
d o p o k a z a l i 
d o p o k a z u j a 
d o p o m i n a j u 
d o p o m i n a ć 
d o p o m n i 
d o p o m n j e n k a 
d o p o m n j e ć e 
d o p o w ě d a n y 
d o s p o ł n e h o 
d o s p o ł n i j u 
d o s p o ł n j e 
d o s p o ł n j e n j u 
d o s p o ł n u 
d o p r ě d k o w a r s k a 
d o p o r u č e n j a 
d o p o r u č e n s k e 
d o p o r u č e n j u 
d o p o r u č u j e m y 
d o p o r u č i ć 
d o p ó z n a j o m o s ć o w 
d i r e k t n j e 
d o r o s ć e n e 
d o r o s ć e n y m i 
d o r o z u m i ć e 
d o s a h 
d o s a h a c e 
d o s a h a ł o 
d o s k o k 
d o s p o ł n o s ć i 
d ó s t a w a l i 
d ó s t a n j e 
d ó s t a n j e ć e 
d ó s t a t y c h 
d ó s t a w a j a 
d ó s t a w a r j a m 
d ó s t a w a ć 
d ó s t a ł 
d ó s t a ł a 
d ó s t a ć 
d o s ć 
d o t w a r i ć 
d ó t k n j e n s k i c h 
d o t y k n y ć 
d o w j e d ł 
d o w j e s ć 
d o w n l o a d ź e 
d o w o l e r j e m i 
d o w o l e 
d o w o p i s a ć 
d o w o l e n s k e j u 
d o w o l e n e 
d o w o l i ć 
d o w o l e n a 
d o w o l e n e j 
d o w o l u j e 
d o w o l u j u 
d o w ě r i ć 
d o w ě r j e n y 
d o ł o j 
d o d ź e r ž e n j a 
d o d ź e r ž e ć 
d o ž i w i 
d o ž i w i j u 
d o ž i w i ł 
d o ž i w i ł o 
d o ž i w j e ć e 
d o ž i w j e n j e m i 
d o ž i w j e n j u 
d o ž i w i ć e 
d r a p a w k a 
d r a s t w a 
d r a s t w i n s k e 
d r a s t w o w e 
d r a s t o w y c h 
d r a s t y k u ž d e j 
d r j e w j e n j u 
d r j e ž d ź a n s k e j e 
p o d r o b n o s t k a m i 
p o d r o b n o s ć o w 
d r o h a c h 
d r o h e 
d r o h o s t k a 
d r o h o t n e 
d r o h o t n y 
d r o h o w 
d r o h o w a n j o w 
d r o h o w a n s k e j u 
d r o h o w a r 
d r o h o w n i k 
d r o h u 
d r o h o w a c y c h 
d r ó z e 
d r o š a 
d r u h a 
d r u h e 
d r u h e 
d r u h e h o 
d r u h e j u 
d r u h e m u 
d r u h i 
d r u h i c h 
d r u h i m a j 
d r u ž c e j e 
d r u ž i n j e 
d r u ž i n y 
d r ě m a s 
d u a l n e h o 
d u c h o w a 
d u c h o w n y c h 
d u c h o w n e j 
d u j e r s k a 
d u j e 
d u r i n s k e h o 
d u š n e j 
d u š i n e j e 
d ź i w a 
d w a n a t k i 
d w a n a ć e 
d w ó j n e h o 
d w ó j o b a r b n y 
d w u l ě t n j e 
d w u r ě č n e 
d w u r ě č n e m u 
d w u r ě č n u 
d w ó j o s y m e s t e r s k i 
d w o r n i k a 
d w o r o w e m u 
d w ě a p o ł h o d ź i n s k e 
d y c h a ć 
d y p k a m i 
d y r d o m d e j s t w a 
d y r d o m d e j s t w o m 
d ó s t a ł 
d o ł h a c h 
d o ł h e 
d o ł h e j u 
d o ł h i m i 
d o ł h o d o b n e 
d o ł h o d o b n y 
d o ł h o l ě t n e 
d o ł h o l ě t n y 
d o ł h o s ć u 
h ł u b o k a 
h ł u b o k i 
h ł u b o k o t w a r s k e 
d ź ě d n i k e c a c h 
e j i m 
e k o l o g i s k o s o c i a l n e h o 
e k s i s t o w a ć 
e k s i s t u j a 
e k s i s t o w a c e h o 
e k s i s t o w a c y c h 
e k s p e r i m e n t o w a l i 
e k s p e r i m e n ć e 
e k s p o r t ě r o w a n j u 
e k s p o r t ě r u j u 
e k s t e r n y m a j 
e l e k t r i f i c ě r o w a ć 
e l e m e n t a r n y m 
e m i l o w e h o 
e m o c i o n a l n o s ć i 
e n e r g i j e 
e n e r g i j o w o b h o s p o d a r s k e h o 
j e n d ź e l s k a 
j e n d ź e l s k i m 
j e n d ź e l s k o r ě č n e h o 
j e n d ź e l s k o r ě č n y c h 
j e n d ź e l š ć i n y 
e s k a l ě r u j e 
e t a t e j 
e t a ž i 
e u r o 
e u r o p s k e 
e u r o p s k e j u 
e w a l u ě r o w a ł 
e w a n g e l s k e 
e w e n t u a l n e 
f a c e b b o o k a 
f a c h o w n i k a m 
f a c h o w 
f a c h o w e j u 
f a k t o r e j 
f a r a r j e j 
f a r a r k u 
f a r a r s k i 
f a s c i n ě r u j u 
f a w o r i z o w a ł 
f e b r u a r j e 
f a l u j u 
f a l o w a c e 
f a l o w a c y m i 
f i g u r a m 
f i l m a 
f i l m o w e j 
f i l t r u j ć e 
f i n a n c e l n e h o 
f i n a n c o w a n e 
f i n a n c o w a n j e 
f i n a n c o w a l i 
f i n a n c o w a n s k e 
f i n a n c o w a n s k i 
f i n a n c u j e m y 
f l a č k i 
f l a s t a r 
b l e š e 
b l e š k i 
b l e š i 
f l o r i a n j e 
f o k u s u j u 
f o r m a t o w a l i 
f o r m a t o w a n s k i c h 
f o r m o w a ć 
f o r m u l a r o j u 
f o r m u l u j u 
f o r u m a 
f o r u m o w e 
f o t o g r a f o w a n s k i 
f o t o j u 
f r a k c i s k i m 
f r a n c o s k e j e 
f r a n c o s k i 
f r a n c o z a r j a 
f r a z y 
f u j 
f u n k c i j e 
f u n k c i o n ě r o w a ł 
f u n k c i o n a r j e 
f u n k c i o n ě r o w a n j e 
f u n k c i o n u j a c e h o 
f u t r o w a ł a 
f y z i k a r j e 
h a d 
h a j u s e j 
g a r a n t ě r o w a ć 
h a s n e 
h a s n y ć 
h a t a 
h a t a r s t w o 
h a ł u z 
h a ł u z k a 
h a ł u z y 
h a ž 
g e n e r a c i j a m 
g e n e r a l i 
g e o t e c h n i k a r j e m i 
h e s t a c h 
p o h i b o w a n j a 
p o h i b o w a n j u 
p o h i b o w a ć 
p o h i b o w a ł 
h o r d e 
h o r n c 
h o r n c u 
h o r o s ć i 
h l a ž k u 
h l e j ć e 
j e h l i č k u 
h l o b a l n e h o 
p r u s k e j e 
p o h l a d a j 
p o h l a d a j a 
p o h l a d a j a c y 
p o h l a d a m y 
p o h l a d o w a n j e 
p o h l a d a ł 
p o h l a d a ć 
p o h l a d a š 
g m e j n o m a j 
g m e j n s k i m 
h n a d y 
h n a d ź e 
h n ě w n y 
h n o j 
h n o j o w u 
h n u j a c y m i 
h n ě z d a 
h n ě ć e n k a 
h e u r m e t 
h o ł b j a 
h o d ź i n o w 
h r a b j a m i 
g r a f i k i 
h r a j e r j e 
h r a j k a j u 
h r a j k a n i š ć o 
h r a j k a n s k e 
h r a j k o c o r 
h r a j n e j 
h r a j n i š ć o 
h r a j n y m i 
h r a j e t e j 
h r a j a c y 
h r a m a t i s k u 
h r a n i c y 
h r a n i c u 
g r a t u l ě r o w a ł a 
g r a t u l u j u 
h r a ł 
h r a ć 
h r a ć a c h 
h r a j ć e 
h r a ć u 
g r e m i j a 
h r i b 
h r i l u j e 
p r o b l e 
h r o d 
h r o d k o w s k e j 
h r o d u 
h r o m a d u 
h r o m a d u z ł o ž e n j u 
h r o m a d ź e 
h r o m a d ź e n j u 
h r o m a d ź i ć 
h r o n i 
p r a w i d ł a m 
p r a w i d ł o w a 
p r a w i d ł o w s 
p r a w i d ł o w y m i 
h r o n i l i 
h r o n i ł 
h r o n i ł o j 
h r o n i ć e 
h o r n j e 
h r ó n č k o 
h r o d n e j 
h r o z y 
h r o z n e 
h r o z n y c h 
h r ó n 
h r o d ź e 
h r o d ź i š ć o 
h r i z o w a r j o w 
h r ě c h i 
h r a d y 
h r ě š n i k e j 
h u b y 
h u s l e m i 
h u s l o w 
h u s l o w a r j e m i 
h u s l o w a r j o w 
h u s l o w a n s k e 
h u s l o w a r k a 
h u s l o w a r s k i c h 
h u s l o w a r s k e h o 
h u s l o w a r s k i m i 
h u s t e 
h u s y 
h e s ł o w a ć 
h w ě z d a m i 
h w ě z d k u 
h w ě z d o w y m 
g y m n a z i a s t y 
g y m n a z i j 
g y m n a z i j o w u 
h ó d a m 
h ó d a n č k a 
h ó d n a 
h ó d n e h o 
h ó d n o t n a 
h ó d n o t n y c h 
h ó d n o t u 
h ó d n o ć e n j a 
h ó d n o ć i ł 
h ó d n y 
h o d o w n e j 
h o d o w n i č k u 
h o d ź i n u 
h o j c o w c e 
h o j c o w k o m a j 
h o j a c e 
h o l a 
h o l a n s k e h o 
h o l c a 
h ó l c o m 
h o l c y k 
h o l e ć u 
h ó l n e j 
h ó l n i k 
h ó l n y 
h o l o w 
h o n i ć 
p o h o n j a k i 
h o r a c h 
h o r c o t y 
h ó r j e 
h o r j e j c n e j e 
h ó r k a c h 
h ó r k i 
h o r n e j 
h ó r n i k o w 
h ó r n i s k i m 
h ó r n i s t w o w e 
h ó r n i s t w o w y m 
h o r n j o s e r b s k e j 
h o r n j o s e r b s k e j 
h o r n j o s e r b s k i 
h o r n j o s e r b š ć i n a 
h o r n j o ł u ž i s k a 
h o r n j u 
h o r o w 
h o r c e 
h o r c y m i 
h o s p o d a r i ł 
h o s p o d a r j e n j e 
h o s p o d a r s k i 
h o s p o d a r 
h o s p o d a r s k e h o 
h o s p o d a r s k i 
h o s p o d a r s k i m 
h o s p o d a r s k u 
h o s p o d a r s t w j e 
h o s p o d n o s ć 
h o s p o d o w a n j e 
h o s p o d u j o 
h o s p o d u j o 
h o s ć e 
h o s ć e n c a 
h o s ć e n c e 
h o s ć i 
h o s ć i n o w a n j e 
h o s ć i n y 
h o t o w a 
h o t o w e j 
h o t o w u 
h o z d ź i k a 
h o ń t w u 
h o d ź a c a 
h o d ź a ł o 
h o d ź i n a c h 
h o d ź i n o w 
h o d ź i n u 
h ł a d k a 
h ł a ž k a r s t w o 
h ł ó d n y c h 
h ł ó s 
h ł o s a m i 
h ł o s o w 
h ł o s o w a ł a 
h ł o s o w a ć 
h ł o s o w u 
h ł o s o w s 
