a b o n e m e n ć e 
a b o n u j ć e 
a b s o l w o w a ć 
a c c o u n t w j a c e 
a d m i n i s t r a c i s k i 
a d m i n i s t r a t o r o w 
a d r e s n i k 
a d r e s o w y m 
a d w e n t n i č k a 
a f g a n a r j o w 
a g r a r n e h o 
a k c e p t a n c y 
a k c e p t o w a ł 
a k c e p t u j e 
a k c e p t u j a 
a k l e 
a k t e r y 
a k t i w i z o w a n e 
a k t i w n e 
a k t i w n y m 
a k t i w n o s ć o w 
a k t i w i z o w a l i 
a k t i w i z o w a ć 
a k t u a l i z o w a ć 
a k t u a l i z o w a n a 
a k t u a l i z o w a n j e 
a k t u a l i z o w a ł 
a k t u a l i z o w a n s k e 
a k t u a l i z o w a ć 
a k t u a l i z u j a 
a k t u a l n e h o 
a k t u a l n u 
a k u t n j e 
a l f a b e t i z u j a 
a l i a n c y 
a m b r a 
h a m t s k e 
h a m t s k i 
a m u l e t a 
a n a l y z o w a l i 
a n a l y z o w a n s k e j 
a n a l y z u j ć e 
a n g a ž o w a n e h o 
a n g a ž o w a n e j 
a n g a ž o w a ć 
a n i m ě r o w a ć 
a n o n y m i z o w a n j e 
a n s a m b l 
a n u l u j e ć e 
p ř e d s t a j e n e 
a r c h i t e k t o w e 
a r c h i w o w a n j e 
r e w i l a 
a r g u m e n t u j e 
a r t i k l u 
a r y j a 
a s o c i ě r o w a n e 
a t r a k t i w n i š a 
a t r i b u t o w y m 
a w d i j o p ř i n o š k o w 
a w d i o n a t o č e n j o w 
a w g u s t a 
a w t e n t i f i k o w a n j e 
a w t e n t i f i k o w a ć 
a w t e n t i f i k a c i s k e h o 
a w t o d i d a k t i s k i m 
a w t o d r ó h o w e 
a w t o m a t i s c e 
a w t o m a t i z o w a n y 
a w t o r i t u 
a w t o r i z o w a n s k a 
a w t o r i z o w a ć 
a w t o r o m a j 
a w t o w e h o 
a r y j e 
b a b ł u 
b a h n a 
b a h n o m 
b a j e n a t a m i 
b a l o m 
b a n k o w e 
b a r j e r o w 
b e r l i n j u 
b e r l i n s k i m 
b a r b a c h 
b a r b j e n j e 
b a r b n y 
b a r b o w 
b a r b o w u 
b a s e n a 
p a s l i l i 
b a s n i č k i 
b a s t a j i 
b a z o w a ć 
b o j e n j e 
b y r g a r j o w 
b y r g a r s k e j e 
b y r z y 
b e t t y j o w e h o 
b j e ć e 
b i l i n g u a l n e h o 
b i o l o g i s k i m 
b i s m o r č k o w y m 
b i t w u 
b j e r ć e 
b l a n d r j e n j e 
b l i s k e 
b l i s k o s ć e 
b l i š i c h 
b l i ž i 
b l o k a 
b l o k o w a k i 
b l o k o w a n e 
b l o k o w a n j o w 
b l o k o w a ł 
b l o k o w a n s k e 
b l o k u j e t e j 
b l u n j a n s k i 
b ó č e n j e 
b ó č n i c y 
b o h a 
b o h a l k a 
b o h a t e h o 
b o h a t s t w a 
b o h a t y 
b o h a t r a 
w b o h e 
b o h i c h 
b o h o m 
b o h o w e j 
s t r o n a m 
s t r o n s t r o n u 
š t o m a m i 
š t o m o j u 
š t o m y 
b ó r b o r i n e h o 
b r a c h a m i 
b r a n i b o r s k a 
b r a n i b o r s k e j 
b r a n i b o r s k e j 
b r a n i b o r s k u 
b r a n š i 
b r a t r a m 
b r a t r o w s k e j e 
b r a t s t w o 
b r a t r o w 
b r a ć 
b r i z a n t n e 
b r j o h o m a j 
b r o j i ć e l 
b r ó n j e 
b r ó ž n i 
b ó r č a k 
b r u n i c y 
b r u n y 
b r ě z o w s k e h o 
b u b n a 
b u d y š i n 
b u d y š i n j e 
b u d y s k e h o 
b u d y s k i 
b u k e j 
b u l g a r s k e j 
b u r e j 
b u r y 
b u d ź 
b u d ź i 
b u d ź i ć e l 
b u d ź e m o j 
b u d ź e š 
b y d l e š e 
b y d l e n j o m 
b y d l e n s k i m i 
b y d l i ć 
b y w a 
b y ł a 
b y ł o 
b y ć 
b ó č n i c y 
b o j a c h 
b o j a z n y 
b o j e ć 
b o l i ł o 
b o l o s t n j e 
b o r k o w 
b o s y 
b a ć o n y 
b o ž e h o 
b o ž e m k o 
b o ž i c h 
b ě h 
b o w o w 
b ě ł e h o 
b ě ł y m i 
b ě ž a 
b ě ž n i š e 
b ł ó t a c h 
b ł ó t o w a r j o 
b ł ó t o w s k i 
b ł u d ź i 
b ł y š ć i ć 
b j e z b a r j e r n o s ć e 
b j e z d ź ě ł a w o s ć 
b j e z e 
b j e z w u h l a d n y 
b j e z p o s r ě d n i 
c a c h e j u s e j 
č a p o r o w u 
č a k a j a 
č a k a m o j 
č a k a t a j 
č a k a n s k e h o 
č a k a ć 
c a m p i n g o w a n i š ć u 
č o r n e 
č o r n e j e 
č o r n o c h o ł m č a n s k e h o 
č o r n y 
č e r t a 
č e r t o w y 
č a s a c h 
č a s n i k a c h 
n o w i n a r s k e j 
n o w i n a r s t w j e 
č a s o p i s a 
č a s o p i s o w 
č a s o w e 
č a s o w e j 
č a s o w y 
č a s u 
c e d l k 
č e j e j 
c i l e m i 
c i l e j 
c i l o w u 
c e n t r a l n y m 
c e n t r u m y 
w u č e r j e 
w u č e r k a 
ć ě r j e 
c y r k w i 
c y r k w i n s k i m 
c y r k w i n s k e h o 
c y r k w i n y 
c y r k w j e m i 
c y r o m a j 
c e r t i f i k o w a n i š ć a 
c e r t i f i k o w a n j e 
c e r t i f i k a t 
c e r t i f i k a t o w y m 
c y r u 
č e r w j e n e 
č e r w j e n y m 
č e r w j e n y 
c y r y 
č e s t n e m u 
č e s t n o h a m t s k e j 
č e s t n o h a m t s k i c h 
h u s t e 
h u s t o 
č e s ć 
h u s ć i š o 
č e s ć e n j e 
č e s ć i h ł ó d n y 
č e s ć e n y 
c e t k i n 
c y ł e 
c y ł o j 
c y ł e j 
c y ł k a 
c y ł k o w n a 
c y ł k o w n e j 
c y ł k o w n y 
c y ł o b ó č n y c h 
c y ł o d n j o w s k e 
c y ł o l ě t n y 
c y ł o n ě m s k i m 
c y ł o t n u 
c y ł y 
c h a n n e l 
c h a r a k t e r i z o w a n y 
c h a t o w e h o 
c h e m i s c e 
c h i r u r g i 
p o č i n a m 
p o č a ł o 
c h o r o m 
c h ó r w a t s k e j 
c h o w a j a 
c h o ć e b u z 
c h r o m 
c h r ó š ć a n s k a 
c h r ó š ć a n s k i 
c h r ó s ć i c y 
c h r ó š ć a n s k e j 
c h r ó š ć a n s k e h o 
š t ó ž 
c h u d ź o m n a 
c h w a l e n e j 
c h w j e w a c e j 
c h w i l i 
c h w i l u 
c h o d o j t a 
c h o d ź a c y 
c h o d ź i m 
c h o r y 
c h o r h o j i 
c h o r o b n e 
c h o r o b n y 
c h o r o s ć a c h 
c h o r o w n i 
c h o r o w n j u 
c h o ć e b u s k e 
c h o ć e b u s k e m u 
c h o ć e b u z a 
c h ł ó d k u 
c h ł o s t a j o m n y m 
c h ł o s t a n s k i 
c h ł ó š ć e n k i 
c i r k u s o w y m 
c i w i l n e h o 
č e h o d l a 
c o m 
c o m p u t e r a m i 
č e m u 
c o o j e 
w č e r a w š a 
w č e r a w š i m 
č o r n a 
c o w a n j o w 
č o ł m i k a 
č o ł m i k u 
č o ł o 
c e š 
č r i j 
č s p 
č u j e ć e 
c o k o r 
c u z a 
c u z n i k 
c u z o r ě č n u 
č u ć i w e j 
d w ě l u j e 
c y b l e 
č i t a ć 
č i n i 
č i n i m y 
č i n i ć 
č i n i ł o j 
č i n i ć e 
č i n j e n e 
č i s t a 
č i s t o k r a j n i k i 
č i s t y 
č i s ć i 
č i s ł o m 
č i t a j o m n e h o 
č i t a j ć e 
č i t a k o w 
č i t a m 
č i t a n j e 
č i t a n k u 
č i t a t e j 
č i t a n s k e 
č i t a n s k i 
č i t a r k i 
č i t a š 
č i ń t e j 
č ł o n a r 
č ł o n k a 
č ł o n k a c h 
č ł o n k i 
č ł o n s k e 
č ł o n s k i m i 
č ł o n k e j 
č ł o n k o w u 
č ł o w j e s k u 
č ł o w j e k a m 
č ł o w j e k o w 
č ł o w j e s k e h o 
č ł o w j e s k i 
č ł o w j e s k i m i 
d a d a m 
d a 
d a m 
d a ć e 
d a j a 
d a j a 
d a l e 
d a l e d a w a n j u 
d a l e k u b ł a n j e 
d a l e k u b ł a n s k i c h 
d a l e s p o s r ě d k o w a n j a 
d a l e w j e d ź a c e 
d a l e w o b s t a ć e 
d a l e w u w i ć e 
d a l o k a 
d a l o k e h o 
d a l o k i 
d a l š e 
d a l š e j 
d a l š i m 
d a l š e 
d a l š i m 
d a t a 
d a t y m 
d a w k a 
d a w k o w e j 
d a w k o w y m 
d a r č i k 
d a r o w 
d a t a j i 
d a t a m 
d a t o w y 
d a w a j a 
d a w a ć 
d a ł a 
d a n s k e j e 
d a ć 
d e b a t o w a ć 
d e c e n t r a l n e h o 
d e f i n o w a n j e 
d e f i n u j e 
m ě l i 
d y r b j a ł a 
d y r b j a ł o 
d y r b i m 
m a t e j 
d e š 
d e k l a r o w a ć 
d e k o d o w a ć 
d e l e 
d e l e g o w a ł 
d e l e g o w a c e j 
d e s k o w e 
d e m o g r a f i s k e j 
d e m o k r a t i s k u 
d e m o n s t r o w a ł o 
d y r b j a š t a j 
h e r b s t w o 
d e r j e 
d e r j e m ě ć a 
d a r m o 
d a r m o t n j e 
d e s i g n e r j o 
d e s k t o p o w u 
d e š i f r o w a n s k i 
d e š i f r o w a ć 
d e š ć i k o w a 
d i a g n o s t i k u j a 
d i d a k t i k a r j o 
d i f e r e n c o w a n e 
d i f e r e n c o w a n e m u 
d i f e r e n c o w a n y 
d i g i t a l n e j 
d i o k s i d a 
d i r e k t o r e j 
d i s k u s i j n e h o 
d i s k u t o w a l i 
d i s k u t u j e m y 
d i s p o z i c i j 
d l ě j e 
d l ě š e j 
d l ě š i 
d n j a 
d n j o w e 
d ź e n i k i 
d n j o w y m 
d o b r e 
d o b r e h o 
d o b r e h o 
d o b r o t n e 
d o b r o w ó l n y m 
d o b r o z d a ć u 
d o b r o ć i w e 
d o b r o ć i w y 
d o b r y 
d o b u d ź e 
d o b y w a r j o 
d o b y ł 
d o b y ć 
d o b y ć e r j a 
d o b y ć e r c e 
d o b y ć e 
d o č a s n e 
d o c h a d ź a c u 
d o c h a d ź e 
d o č i n i ł 
d o č i n j e n e 
d o č i n j e n e j 
p ř i d a t k 
p ř i d a t k a 
p ř i d a t k i 
p ř i d a t k e j 
p ř i d a t k o w a 
p ř i d a t k o w e j 
p ř i d a t k o w y 
p ř i d a t k u 
d o d a w a ć 
d o h l a d 
d o h l a d e j 
d o h l a d o w a n j u 
d o h l a d o w a r s k e 
d o h l a d u j a 
w o b r ě č e ć 
d o h r a j e n j u 
s ć a h n y ł 
d o j e d n a l i 
d o j e d n a n j a 
d o j e d n a n j u 
d o k i 
d o c p ě j e 
d o c p ě j u 
d o c p ě t y c h 
d o c p ě ł 
d o c p ě ć 
d o c p ě t e 
d ó š ł o 
d ó ń d ź e m y 
d o k ł a d n e j 
d o k ł a d n i š e 
d o k ł a d n o s ć e 
d o k t o r a n d y 
d o k u m e n t a 
d o k u m e n t o w a n j e 
d o k u m e n t u j a 
d o k ó n č 
d o k ó n č e n a 
d o k ó n č e n e 
d o k ó n č i 
d o k ó n č i ł 
d o k ó n č i ł o 
d o k ł a d n e h o 
d e l n j e 
d e l n j o n ě m č i n a 
d e l n j o s e r b o w k a 
d e l n j o s e r b s k e h o 
d e l n j o s e r b s k e j e 
d e l n j o s e r b s k i 
d e l n j o s e r b y 
d e l n j o s e r b š ć i n y 
d e l n j o š l e n s k i 
d o m j a 
d o m j a c e 
d o m j a c n o s ć e 
d o m i n a n c y 
d o m e j 
d o m o r ó d n y c h 
d o m o w i n s k e 
d o m o w i n y 
d o m i z n i s k e j 
d o m i z n i s k i m 
d o m o w y 
d o n j e s l i 
d o n j e s ł o 
d o t a l n i š e 
d o t a l n e m u 
d o t a l n e 
d o p o k a z a l i 
d o p o k a z u j a 
d o p o m i n a j a 
d o p o m i n a ć 
d o p o m n i 
d o p o m n j e n k a 
d o p o m n j e ć a 
d o p o w ě d a n y 
d o s p o ł n e h o 
d o s p o ł n j e j a 
d o s p o ł n j e 
d o s p o ł n j e n j u 
d o s p o ł n u 
d o p r ě d k a r s k a 
d o p o r u č e n j a 
d o p o r u č e n s k e 
d o p o r u č e n u 
d o p o r u č u j e m y 
d o p o r u č i ć 
d o p ó z n a ć o w 
d o r e k t n j e 
d o r o s ć e n e 
d o r o s ć e n y m i 
d o r o z u m j e n j e 
d o s a h 
d o s a h a c e 
d o s a h a ł o 
d o s k o k 
d o s p o ł n o s ć e 
d ó s t a l i 
d ó s t a n j e 
d ó s t a n j e ć e 
d ó s t a t y c h 
d ó s t a w a j a 
d ó s t a w a r j a m 
d ó s t a w a ć 
d ó s t a ł 
d ó s t a ł a 
d ó s t a ć 
d o s ć 
d o t w a r i ć 
d ó t k n j e n s k i c h 
d ó t k n y ć 
d o w j e d ł 
d o w j e s ć 
d o w n l o a d ź e 
d o w o l e r j e m i 
d o w o l e 
d o w o p i s a ć 
d o w o l e n s k e j 
d o w o l e n e 
d o w o l i ć 
d o w o l e n a 
d o w o l e n e j 
d o w o l u j e 
d o w o l u j a 
d o w ě r i ć 
d o w ě r j e n y 
d e l e 
d o d ź e r ž a n a 
d o d ź e r ž e ć 
d o ž i w i 
d o ž i w j a 
d o ž i w i ł 
d o ž i w i ł o 
d o ž i w j e ć e 
d o ž i w j e n j e m i 
d o ž i w j e n j u 
d o ž i w ć e 
š k r a b a ł k a 
d r a s t a 
d r a s t i n e 
d r a s t o w e 
d r a s t o w y c h 
d r a s t y k ó ž d e 
d r j e w j e n u 
d r j e ž d ź a n s k e j e 
d r o b n o s ć e m i 
d r o b n o s ć o w 
d r ó h a c h 
d r o h e 
d r o h o s t k a 
d r o h o t n e 
d r o h o t n y 
d r ó h o w 
p u ć o w a n j o w 
p u ć o w a n s k e j 
p u ć o w a r 
p u ć n i k 
p u ć u 
p u ć o w a c y c h 
d r ó z e 
d r ó š a 
d r u h a 
d r u h e 
d r u h e 
d r u h e h o 
d r u h e j 
d r u h e j 
d r u h i 
d r u h i c h 
d a l š i m a j 
d r u ž c e j e 
d r u ž i n j e 
d r u ž i n y 
d r ě m a s 
d u a l n e h o 
d u c h a 
d u c h o w n y c h 
d u c h o w n e j 
d u j e r s k a 
d u j e 
d u r i n s k e h o 
d u š n e j 
d u š i n e j e 
d w a 
d w a n a t k i 
d w a n a ć e 
d w ó j n e h o 
d w u b a r b n y 
d w u l ě t n j e 
d w u r ě č n e 
d w u r ě č n e m u 
d w u r ě č n u 
d w u s e m e s t e r s k i 
d w o r n i k a 
d w o r o w e m u 
d w ě a p o ł h o d ź i n s k e 
d y c h a ć 
d y p k a m i 
d y r d o m d e j s t w a 
d y r d o m d e j s t w o m 
d ó s t a ł 
d o ł h a c h 
d o ł h e 
d o ł h e j 
d o ł h i m i 
d o ł h o d o b n e 
d o ł h o d o b n y 
d o ł h o l ě t n e 
d o ł h o l ě t n y 
d o ł h o s ć u 
h ł u b o k a 
h ł u b o k i 
h ł u b o k o t w a r s k e 
d ź ě ź n i k e č a c h 
e h m 
e k o l o g i s k o s o c i a l n e h o 
e k s i s t o w a ć 
e k s i s t u j a 
e k s i s t o w a c e h o 
e k s i s t o w a c y c h 
e k s p e r i m e n t o w a l i 
e k s p e r i m e n ć e 
e k s p o r t o w a n u 
e k s p o r t u j a 
e k s t e r n y m a j 
e l e k t r i f i k o w a ć 
e l e m e n t a r n y m 
e m e j l o w e h o 
e m o c i o n a l n o s ć e 
e n e r g i j e 
e n e r g i j o w o h o s p o d a r s k e h o 
j e n d ź e l s k a 
j e n d ź e l s k i m 
j e n d ź e l s k o r ě č n e h o 
j e n d ź e l s k o r ě č n y c h 
j e n d ź e l š ć i n y 
e s k a l u j e 
e t a t e j 
e t a ž i 
e u r o 
e u r o p s k e 
e u r o p s k e j 
e w a l u ě r o w a ł 
e w a n g e l s k e 
e w e n t u a l n e 
f a c e b b o o k a 
f a c h o w c a m 
f a c h o w 
f a c h o w e j 
f a k t o r e j 
f a r a r j e j 
f a r a r k u 
f a r s k i 
f a s c i n o w a 
f a w o r i z o w a ł 
f e b r u a r j o 
f a l o w a 
f a l o w a c e 
f a l o w a c y m i 
f i g u r a m 
f i l m a 
f i l m o w e j 
f i l t r u j ć e 
f i n a n c e l n e h o 
f i n a n c n y 
f i n a n č n j e 
f i n a n c o w a l i 
f i n a n c o w a n s k e 
f i n a n c o w a n s k i 
f i n a n c u j e m y 
b l e č k i 
p l e s t e r 
b l e š e 
b l e š k i 
b l e š i 
f l o r i a n j e 
f o k u s u j a 
f o r m a t o w a l i 
f o r m a t o w a n s k i c h 
f o r m o w a ć 
f o r m u l a r e j 
f o r m u l u j a 
f o r u m a 
f o r u m o w e 
f o t o g r a f o w a n s k i 
f o t o 
f r a k c i s k i m 
f r a n c o s k e j e 
f r a n c o s k i 
f r a n c o z o j o 
f r a z y 
f u j 
f u n k c i j e 
f u n k c i o n o w a ł 
f u n k c i o n a r j o 
f u n k c i o n o w a n j e 
f u n k c i o n u j a c e h o 
p i c o w a ł a 
f y z i k a r j o 
h a d 
h a s e j 
g a r a n t o w a ć 
h a š e 
h a s n y ć 
h a t a 
h a t a r s t w o 
h a ł u z 
h a ł u z k a 
h a ł u z y 
h d y ž 
g e n e r a c i j a m 
g e n e r a l e 
g e o t e c h n i k a r j e m i 
h e s t a c h 
h i b a n j a 
h i b a n j u 
h i b a ć 
h i b n y ł 
h o r d e 
h o r n c 
h o r n c u 
h o r š ć i 
š k l i č k u 
h l e j 
j e h l i č k u 
h l o b a l n e h o 
p r u s k o c e 
h l a d a j 
h l a d a j a 
h l a d a j o 
h l a d a m y 
h l a d a n j e 
h l a d a ł 
h l a d a ć 
h l a d a š 
g m e j n o m a j 
g m e j n s k i m 
h n a d y 
h n a d ź i 
h n ě w n y 
h n o j 
h n o j o w u 
h n u j a c y m i 
h n ě z d a 
h n j e ć e n k a 
h o u r m e t 
h o ł b j e 
h o d ź i n o w 
h r a b j e m i 
g r a f i k i 
h r a j e r j e 
h r a j k a j a 
h r a j k a n i š ć o 
h r a j k a n s k e 
h r a j k a š 
h r a j n e j 
h r a j n i š ć o 
h r a j n y m i 
h r a j e t e j 
h r a j o 
g r a m a t i s k u 
h r a n i c y 
m j e z u 
g r a t u l o w a ł a 
g r a t u l u j a 
h r a ł 
h r a ć 
h r a ć a c h 
h r a ć e 
h r a ć u 
g r e m i j a 
h r i b 
h r i l u j e 
h r j e b j e 
h r o d 
h r o d k o w s k e j 
h r o d u 
h r o m a d u 
h r o m a d u z ł o ž e n j u 
h r o m a d ź e 
h r o m a d ź e n j u 
h r o m a d ź i ć 
p r a j i 
h e s ł a m 
h e s ł o w a 
h e s ł o w s 
h e s ł o w y m i 
p r a j i l i 
p r a j i ł 
p r a j i ł o j 
p r a j i ć e 
p r a j e 
h r ó n č k o 
h r u b e j 
h r o z y 
h r ó z b n e 
h r ó z b n y c h 
p r a j 
h r o d ź e 
h r o d ź i š ć o 
h r y z e r j o w 
h r ě c h i 
h r a d y 
h r ě š n i k e j 
h u b u 
h u s l e m i 
h u s l o w 
k u z ł a r j e m i 
k u z ł a r j o w 
k u z ł a n s k e 
k u z ł a r k a 
k u z ł a r s k i c h 
k u z ł a r s k e h o 
k u z ł a r s k i m i 
h u s t e 
h u s y 
k u z ł a ć 
h w ě z d a m i 
h w ě z d u 
h w ě z d o w y m 
g y m n a z i a s t y 
g y m n a z i j 
g y m n a z i j o w u 
h ó d a m 
h ó d a n č k a 
h ó d n a 
h ó d n e h o 
h ó d n o t n a 
h ó d n o t n y c h 
h ó d n o t u 
h ó d n o ć e n j a 
h ó d n o ć i ł 
h ó d n y 
h o d o w n e j 
h o d o w n i č k u 
h o d ź i n u 
l ě k a r c e 
l ě k a r k o m a j 
h o j a c e 
h o l a 
h o l a n s k e h o 
h ó l c a 
h ó l c o m 
h ó l č e 
h ó l e ć u 
l ě s n e j 
h a j n i k 
l ě s n y 
h ó l o w 
h o n i ć 
ć ě r j a k i 
h o r a c h 
h o r c o t y 
h o r j e 
h o r j e k n e j e 
h ó r k a c h 
h ó r k i 
h o r n e j 
h ó r n i k o w 
h ó r n i s k i m 
h ó r n i s t w o w e 
h ó r n i s t w o w y m 
h o r n j o s e r b s k e j 
h o r n j o s e r b s k e j 
h o r n j o s e r b s k i 
h o r n j o s e r b š ć i n a 
h o r n j o ł u ž i s k a 
h o r n j u 
h o r o w 
h o r c u 
h o r c y m i 
h o s p o d a r i ł 
h o s p o d a r j e n j e 
h o s p o d a r s k i 
h o s p o d a r 
h o s p o d a r s k e h o 
h o s p o d a r s k i 
h o s p o d a r s k i m 
h o s p o d a r s k u 
h o s p o d a r s t w j e 
h o s p o d n o s ć 
h o s p o d o w a n j e 
h o s p o d u j e 
h o s p o d u j e 
h o s ć e 
h o s ć e n c a 
h o s ć e n c e 
h o s ć i 
h o s ć i n o w a n j e 
h o s ć i n y 
h o t o w a 
h o t o w e j 
h o t o w u 
h o z d ź i k a 
h o ń t w u 
h o d ź a c a 
h o d ź a ł o 
h o d ź i n a c h 
h o d ź i n o w 
h o d ź i n u 
h ł a d k a 
h ł o c h k e r s t w o 
h ł ó d n y c h 
h ł ó s 
h ł o s a m i 
h ł o s o w 
h ł o s o w a ł a 
h ł o s o w a ć 
h ł o s o w u 
h ł o s s 
