nohup: ignoring input
Using SCRIPTS_ROOTDIR: /home/bartek/mosesdecoder/scripts
Using single-thread GIZA
using gzip 
(1) preparing corpus @ Wed Jul 13 21:04:44 UTC 2022
Executing: mkdir -p /home/bartek/sorbian-transliteration/baseline/corpus
(1.0) selecting factors @ Wed Jul 13 21:04:44 UTC 2022
(1.1) running mkcls  @ Wed Jul 13 21:04:44 UTC 2022
/home/bartek/mosesdecoder/tools/mkcls -c50 -n2 -p/home/bartek/sorbian-transliteration/data/corpus/clean/train.hsb -V/home/bartek/sorbian-transliteration/baseline/corpus/hsb.vcb.classes opt
  /home/bartek/sorbian-transliteration/baseline/corpus/hsb.vcb.classes already in place, reusing
(1.1) running mkcls  @ Wed Jul 13 21:04:44 UTC 2022
/home/bartek/mosesdecoder/tools/mkcls -c50 -n2 -p/home/bartek/sorbian-transliteration/data/corpus/clean/train.dsb -V/home/bartek/sorbian-transliteration/baseline/corpus/dsb.vcb.classes opt
  /home/bartek/sorbian-transliteration/baseline/corpus/dsb.vcb.classes already in place, reusing
(1.2) creating vcb file /home/bartek/sorbian-transliteration/baseline/corpus/hsb.vcb @ Wed Jul 13 21:04:44 UTC 2022
(1.2) creating vcb file /home/bartek/sorbian-transliteration/baseline/corpus/dsb.vcb @ Wed Jul 13 21:04:44 UTC 2022
(1.3) numberizing corpus /home/bartek/sorbian-transliteration/baseline/corpus/hsb-dsb-int-train.snt @ Wed Jul 13 21:04:44 UTC 2022
  /home/bartek/sorbian-transliteration/baseline/corpus/hsb-dsb-int-train.snt already in place, reusing
(1.3) numberizing corpus /home/bartek/sorbian-transliteration/baseline/corpus/dsb-hsb-int-train.snt @ Wed Jul 13 21:04:44 UTC 2022
  /home/bartek/sorbian-transliteration/baseline/corpus/dsb-hsb-int-train.snt already in place, reusing
(2) running giza @ Wed Jul 13 21:04:44 UTC 2022
(2.1a) running snt2cooc hsb-dsb @ Wed Jul 13 21:04:44 UTC 2022

Executing: mkdir -p /home/bartek/sorbian-transliteration/baseline/giza.hsb-dsb
Executing: /home/bartek/mosesdecoder/tools/snt2cooc.out /home/bartek/sorbian-transliteration/baseline/corpus/dsb.vcb /home/bartek/sorbian-transliteration/baseline/corpus/hsb.vcb /home/bartek/sorbian-transliteration/baseline/corpus/hsb-dsb-int-train.snt > /home/bartek/sorbian-transliteration/baseline/giza.hsb-dsb/hsb-dsb.cooc
/home/bartek/mosesdecoder/tools/snt2cooc.out /home/bartek/sorbian-transliteration/baseline/corpus/dsb.vcb /home/bartek/sorbian-transliteration/baseline/corpus/hsb.vcb /home/bartek/sorbian-transliteration/baseline/corpus/hsb-dsb-int-train.snt > /home/bartek/sorbian-transliteration/baseline/giza.hsb-dsb/hsb-dsb.cooc
line 1000
line 2000
line 3000
line 4000
line 5000
line 6000
line 7000
line 8000
line 9000
line 10000
line 11000
line 12000
line 13000
line 14000
line 15000
line 16000
line 17000
line 18000
line 19000
line 20000
line 21000
line 22000
line 23000
line 24000
line 25000
line 26000
line 27000
line 28000
line 29000
line 30000
line 31000
line 32000
line 33000
line 34000
line 35000
line 36000
line 37000
line 38000
line 39000
line 40000
line 41000
line 42000
line 43000
line 44000
line 45000
line 46000
line 47000
line 48000
line 49000
line 50000
line 51000
line 52000
END.
(2.1b) running giza hsb-dsb @ Wed Jul 13 21:04:48 UTC 2022
/home/bartek/mosesdecoder/tools/GIZA++  -CoocurrenceFile /home/bartek/sorbian-transliteration/baseline/giza.hsb-dsb/hsb-dsb.cooc -c /home/bartek/sorbian-transliteration/baseline/corpus/hsb-dsb-int-train.snt -m1 5 -m2 0 -m3 3 -m4 3 -model1dumpfrequency 1 -model4smoothfactor 0.4 -nodumps 1 -nsmooth 4 -o /home/bartek/sorbian-transliteration/baseline/giza.hsb-dsb/hsb-dsb -onlyaldumps 1 -p0 0.999 -s /home/bartek/sorbian-transliteration/baseline/corpus/dsb.vcb -t /home/bartek/sorbian-transliteration/baseline/corpus/hsb.vcb
  /home/bartek/sorbian-transliteration/baseline/giza.hsb-dsb/hsb-dsb.A3.final.gz seems finished, reusing.
(2.1a) running snt2cooc dsb-hsb @ Wed Jul 13 21:04:48 UTC 2022

Executing: mkdir -p /home/bartek/sorbian-transliteration/baseline/giza.dsb-hsb
Executing: /home/bartek/mosesdecoder/tools/snt2cooc.out /home/bartek/sorbian-transliteration/baseline/corpus/hsb.vcb /home/bartek/sorbian-transliteration/baseline/corpus/dsb.vcb /home/bartek/sorbian-transliteration/baseline/corpus/dsb-hsb-int-train.snt > /home/bartek/sorbian-transliteration/baseline/giza.dsb-hsb/dsb-hsb.cooc
/home/bartek/mosesdecoder/tools/snt2cooc.out /home/bartek/sorbian-transliteration/baseline/corpus/hsb.vcb /home/bartek/sorbian-transliteration/baseline/corpus/dsb.vcb /home/bartek/sorbian-transliteration/baseline/corpus/dsb-hsb-int-train.snt > /home/bartek/sorbian-transliteration/baseline/giza.dsb-hsb/dsb-hsb.cooc
line 1000
line 2000
line 3000
line 4000
line 5000
line 6000
line 7000
line 8000
line 9000
line 10000
line 11000
line 12000
line 13000
line 14000
line 15000
line 16000
line 17000
line 18000
line 19000
line 20000
line 21000
line 22000
line 23000
line 24000
line 25000
line 26000
line 27000
line 28000
line 29000
line 30000
line 31000
line 32000
line 33000
line 34000
line 35000
line 36000
line 37000
line 38000
line 39000
line 40000
line 41000
line 42000
line 43000
line 44000
line 45000
line 46000
line 47000
line 48000
line 49000
line 50000
line 51000
line 52000
END.
(2.1b) running giza dsb-hsb @ Wed Jul 13 21:04:52 UTC 2022
/home/bartek/mosesdecoder/tools/GIZA++  -CoocurrenceFile /home/bartek/sorbian-transliteration/baseline/giza.dsb-hsb/dsb-hsb.cooc -c /home/bartek/sorbian-transliteration/baseline/corpus/dsb-hsb-int-train.snt -m1 5 -m2 0 -m3 3 -m4 3 -model1dumpfrequency 1 -model4smoothfactor 0.4 -nodumps 1 -nsmooth 4 -o /home/bartek/sorbian-transliteration/baseline/giza.dsb-hsb/dsb-hsb -onlyaldumps 1 -p0 0.999 -s /home/bartek/sorbian-transliteration/baseline/corpus/hsb.vcb -t /home/bartek/sorbian-transliteration/baseline/corpus/dsb.vcb
  /home/bartek/sorbian-transliteration/baseline/giza.dsb-hsb/dsb-hsb.A3.final.gz seems finished, reusing.
(3) generate word alignment @ Wed Jul 13 21:04:52 UTC 2022
Combining forward and inverted alignment from files:
  /home/bartek/sorbian-transliteration/baseline/giza.hsb-dsb/hsb-dsb.A3.final.{bz2,gz}
  /home/bartek/sorbian-transliteration/baseline/giza.dsb-hsb/dsb-hsb.A3.final.{bz2,gz}
Executing: mkdir -p /home/bartek/sorbian-transliteration/baseline/model
Executing: /home/bartek/mosesdecoder/scripts/training/giza2bal.pl -d "gzip -cd /home/bartek/sorbian-transliteration/baseline/giza.dsb-hsb/dsb-hsb.A3.final.gz" -i "gzip -cd /home/bartek/sorbian-transliteration/baseline/giza.hsb-dsb/hsb-dsb.A3.final.gz" |/home/bartek/mosesdecoder/scripts/../bin/symal -alignment="grow" -diagonal="yes" -final="yes" -both="yes" > /home/bartek/sorbian-transliteration/baseline/model/aligned.grow-diag-final-and
symal: computing grow alignment: diagonal (1) final (1)both-uncovered (1)
skip=<0> counts=<52744>
(4) generate lexical translation table 0-0 @ Wed Jul 13 21:04:55 UTC 2022
(/home/bartek/sorbian-transliteration/data/corpus/clean/train.hsb,/home/bartek/sorbian-transliteration/data/corpus/clean/train.dsb,/home/bartek/sorbian-transliteration/baseline/model/lex)
!!!!!!!!!!!!!!!!!!!!!!!!!!!!!!!!!!!!!!!!!!!!!!!!!!!!!
Saved: /home/bartek/sorbian-transliteration/baseline/model/lex.f2e and /home/bartek/sorbian-transliteration/baseline/model/lex.e2f
FILE: /home/bartek/sorbian-transliteration/data/corpus/clean/train.dsb
FILE: /home/bartek/sorbian-transliteration/data/corpus/clean/train.hsb
FILE: /home/bartek/sorbian-transliteration/baseline/model/aligned.grow-diag-final-and
(5) extract phrases @ Wed Jul 13 21:04:57 UTC 2022
/home/bartek/mosesdecoder/scripts/generic/extract-parallel.perl 4 split "sort    " /home/bartek/mosesdecoder/scripts/../bin/extract /home/bartek/sorbian-transliteration/data/corpus/clean/train.dsb /home/bartek/sorbian-transliteration/data/corpus/clean/train.hsb /home/bartek/sorbian-transliteration/baseline/model/aligned.grow-diag-final-and /home/bartek/sorbian-transliteration/baseline/model/extract 7 orientation --model wbe-msd --GZOutput 
Executing: /home/bartek/mosesdecoder/scripts/generic/extract-parallel.perl 4 split "sort    " /home/bartek/mosesdecoder/scripts/../bin/extract /home/bartek/sorbian-transliteration/data/corpus/clean/train.dsb /home/bartek/sorbian-transliteration/data/corpus/clean/train.hsb /home/bartek/sorbian-transliteration/baseline/model/aligned.grow-diag-final-and /home/bartek/sorbian-transliteration/baseline/model/extract 7 orientation --model wbe-msd --GZOutput 
MAX 7 1 0
Started Wed Jul 13 21:04:57 2022
using gzip 
isBSDSplit=0 
Executing: mkdir -p /home/bartek/sorbian-transliteration/baseline/model/tmp.10083; ls -l /home/bartek/sorbian-transliteration/baseline/model/tmp.10083 
total=52744 line-per-split=13187 
split -d -l 13187 -a 7 /home/bartek/sorbian-transliteration/data/corpus/clean/train.dsb /home/bartek/sorbian-transliteration/baseline/model/tmp.10083/target.split -d -l 13187 -a 7 /home/bartek/sorbian-transliteration/data/corpus/clean/train.hsb /home/bartek/sorbian-transliteration/baseline/model/tmp.10083/source.split -d -l 13187 -a 7 /home/bartek/sorbian-transliteration/baseline/model/aligned.grow-diag-final-and /home/bartek/sorbian-transliteration/baseline/model/tmp.10083/align.merging extract / extract.inv
gunzip -c /home/bartek/sorbian-transliteration/baseline/model/tmp.10083/extract.0000000.gz /home/bartek/sorbian-transliteration/baseline/model/tmp.10083/extract.0000001.gz /home/bartek/sorbian-transliteration/baseline/model/tmp.10083/extract.0000002.gz /home/bartek/sorbian-transliteration/baseline/model/tmp.10083/extract.0000003.gz  | LC_ALL=C sort     -T /home/bartek/sorbian-transliteration/baseline/model/tmp.10083 2>> /dev/stderr | gzip -c > /home/bartek/sorbian-transliteration/baseline/model/extract.sorted.gz 2>> /dev/stderr 
gunzip -c /home/bartek/sorbian-transliteration/baseline/model/tmp.10083/extract.0000000.inv.gz /home/bartek/sorbian-transliteration/baseline/model/tmp.10083/extract.0000001.inv.gz /home/bartek/sorbian-transliteration/baseline/model/tmp.10083/extract.0000002.inv.gz /home/bartek/sorbian-transliteration/baseline/model/tmp.10083/extract.0000003.inv.gz  | LC_ALL=C sort     -T /home/bartek/sorbian-transliteration/baseline/model/tmp.10083 2>> /dev/stderr | gzip -c > /home/bartek/sorbian-transliteration/baseline/model/extract.inv.sorted.gz 2>> /dev/stderr 
gunzip -c /home/bartek/sorbian-transliteration/baseline/model/tmp.10083/extract.0000000.o.gz /home/bartek/sorbian-transliteration/baseline/model/tmp.10083/extract.0000001.o.gz /home/bartek/sorbian-transliteration/baseline/model/tmp.10083/extract.0000002.o.gz /home/bartek/sorbian-transliteration/baseline/model/tmp.10083/extract.0000003.o.gz  | LC_ALL=C sort     -T /home/bartek/sorbian-transliteration/baseline/model/tmp.10083 2>> /dev/stderr | gzip -c > /home/bartek/sorbian-transliteration/baseline/model/extract.o.sorted.gz 2>> /dev/stderr 
Finished Wed Jul 13 21:05:14 2022
(6) score phrases @ Wed Jul 13 21:05:14 UTC 2022
(6.1)  creating table half /home/bartek/sorbian-transliteration/baseline/model/phrase-table.half.f2e @ Wed Jul 13 21:05:14 UTC 2022
/home/bartek/mosesdecoder/scripts/generic/score-parallel.perl 4 "sort    " /home/bartek/mosesdecoder/scripts/../bin/score /home/bartek/sorbian-transliteration/baseline/model/extract.sorted.gz /home/bartek/sorbian-transliteration/baseline/model/lex.f2e /home/bartek/sorbian-transliteration/baseline/model/phrase-table.half.f2e.gz  0 
Executing: /home/bartek/mosesdecoder/scripts/generic/score-parallel.perl 4 "sort    " /home/bartek/mosesdecoder/scripts/../bin/score /home/bartek/sorbian-transliteration/baseline/model/extract.sorted.gz /home/bartek/sorbian-transliteration/baseline/model/lex.f2e /home/bartek/sorbian-transliteration/baseline/model/phrase-table.half.f2e.gz  0 
using gzip 
Started Wed Jul 13 21:05:14 2022
/home/bartek/mosesdecoder/scripts/../bin/score /home/bartek/sorbian-transliteration/baseline/model/tmp.10132/extract.0.gz /home/bartek/sorbian-transliteration/baseline/model/lex.f2e /home/bartek/sorbian-transliteration/baseline/model/tmp.10132/phrase-table.half.0000000.gz  2>> /dev/stderr 
/home/bartek/sorbian-transliteration/baseline/model/tmp.10132/run.2.sh/home/bartek/sorbian-transliteration/baseline/model/tmp.10132/run.1.sh/home/bartek/sorbian-transliteration/baseline/model/tmp.10132/run.0.sh/home/bartek/sorbian-transliteration/baseline/model/tmp.10132/run.3.shmv /home/bartek/sorbian-transliteration/baseline/model/tmp.10132/phrase-table.half.0000000.gz /home/bartek/sorbian-transliteration/baseline/model/phrase-table.half.f2e.gzrm -rf /home/bartek/sorbian-transliteration/baseline/model/tmp.10132 
Finished Wed Jul 13 21:05:44 2022
(6.3)  creating table half /home/bartek/sorbian-transliteration/baseline/model/phrase-table.half.e2f @ Wed Jul 13 21:05:44 UTC 2022
/home/bartek/mosesdecoder/scripts/generic/score-parallel.perl 4 "sort    " /home/bartek/mosesdecoder/scripts/../bin/score /home/bartek/sorbian-transliteration/baseline/model/extract.inv.sorted.gz /home/bartek/sorbian-transliteration/baseline/model/lex.e2f /home/bartek/sorbian-transliteration/baseline/model/phrase-table.half.e2f.gz --Inverse 1 
Executing: /home/bartek/mosesdecoder/scripts/generic/score-parallel.perl 4 "sort    " /home/bartek/mosesdecoder/scripts/../bin/score /home/bartek/sorbian-transliteration/baseline/model/extract.inv.sorted.gz /home/bartek/sorbian-transliteration/baseline/model/lex.e2f /home/bartek/sorbian-transliteration/baseline/model/phrase-table.half.e2f.gz --Inverse 1 
using gzip 
Started Wed Jul 13 21:05:44 2022
/home/bartek/mosesdecoder/scripts/../bin/score /home/bartek/sorbian-transliteration/baseline/model/tmp.10159/extract.0.gz /home/bartek/sorbian-transliteration/baseline/model/lex.e2f /home/bartek/sorbian-transliteration/baseline/model/tmp.10159/phrase-table.half.0000000.gz --Inverse  2>> /dev/stderr 
/home/bartek/sorbian-transliteration/baseline/model/tmp.10159/run.0.sh/home/bartek/sorbian-transliteration/baseline/model/tmp.10159/run.1.sh/home/bartek/sorbian-transliteration/baseline/model/tmp.10159/run.2.sh/home/bartek/sorbian-transliteration/baseline/model/tmp.10159/run.3.shgunzip -c /home/bartek/sorbian-transliteration/baseline/model/tmp.10159/phrase-table.half.*.gz 2>> /dev/stderr| LC_ALL=C sort     -T /home/bartek/sorbian-transliteration/baseline/model/tmp.10159  | gzip -c > /home/bartek/sorbian-transliteration/baseline/model/phrase-table.half.e2f.gz  2>> /dev/stderr rm -rf /home/bartek/sorbian-transliteration/baseline/model/tmp.10159 
Finished Wed Jul 13 21:06:18 2022
(6.6) consolidating the two halves @ Wed Jul 13 21:06:18 UTC 2022
Executing: /home/bartek/mosesdecoder/scripts/../bin/consolidate /home/bartek/sorbian-transliteration/baseline/model/phrase-table.half.f2e.gz /home/bartek/sorbian-transliteration/baseline/model/phrase-table.half.e2f.gz /dev/stdout | gzip -c > /home/bartek/sorbian-transliteration/baseline/model/phrase-table.gz
Consolidate v2.0 written by Philipp Koehn
consolidating direct and indirect rule tables
..................
Executing: rm -f /home/bartek/sorbian-transliteration/baseline/model/phrase-table.half.*
(7) learn reordering model @ Wed Jul 13 21:06:28 UTC 2022
(7.1) [no factors] learn reordering model @ Wed Jul 13 21:06:28 UTC 2022
(7.2) building tables @ Wed Jul 13 21:06:28 UTC 2022
Executing: /home/bartek/mosesdecoder/scripts/../bin/lexical-reordering-score /home/bartek/sorbian-transliteration/baseline/model/extract.o.sorted.gz 0.5 /home/bartek/sorbian-transliteration/baseline/model/reordering-table. --model "wbe msd wbe-msd-bidirectional-fe"
Lexical Reordering Scorer
scores lexical reordering models of several types (hierarchical, phrase-based and word-based-extraction
(8) learn generation model @ Wed Jul 13 21:06:38 UTC 2022
  no generation model requested, skipping step
(9) create moses.ini @ Wed Jul 13 21:06:38 UTC 2022
