a b o n ě r o w a ł 
a b s o l w ě r o w a n j e 
a c c o u n t 
a c t i o n g r y 
a d m i n i s t r a t o r a 
a d r e a s e 
a d r e s o w a ś 
a d r e s o w e m 
a d w e n t n y 
a g e n ź e 
a g ě r u j o 
a k c e p t ě r o w a n j e 
a k c e p t ě r o w a ł 
a k c e p t ě r u j o t e j 
a k c i j o w y 
a k t i w n o s ć o w 
a k t i w ě r o w a n e 
a k t i w ě r o w a n y 
a k t i w i z ě r u j ś o 
a k t i w n e 
a k t i w n j e j 
a k t i w ě r o w a ł 
a k t u a l i z ě r o w a l i 
a k t u a l i z ě r o w a n j e 
a k t u a l i z ě r o w a ń s k e j 
a k t u a l i z ě r o w a n y 
a k t u a l i z ě r u j u 
a k t u a l i z ě r u j ś o 
a k t u a l n e j u 
a k t u a l n e m 
a l f a b e t i s k i 
a l g o r i t m u s a 
a m b i c i j a m i 
a m u l e t a c h 
a n a l y z ě r o w a n j e 
a n a l y z ě r o w a ł 
a n a l y z ě r u j ś o 
a n g a ž ě r o w a c h u 
a n g a ž ě r o w a n e j 
a n g a ž ě r o w a ś 
a n i 
a n i m ě r u j o 
a n o n y m i z ě r o w a ł 
a n u l ě r o w a ś 
a p o t a k a r j o m 
a r c h e o l o g i 
a r c h i w ě r o w a n e j 
a r c h i w ě r o w a ł a 
a r g u m e n t ě r o w a š o 
a r t i k e l o j u 
a r y a 
a r y a j u 
a s i s t ě r u j u c e 
a t r a k t i w n j e j š a 
a t r i b u t o w e g o 
a u ś e 
a w d i o 
a w d i o w o p ś i m j e ś 
a w t e n t i f i k a c i j a 
a w t e n t i f i c ě r o w a ń s k e 
a w t e n t i f i c ě r u j ś o 
a w t o d i d a k t i s k e m 
a w t o d r o g o w e 
a w t o m a t i s k a 
a w t o m a t i z ě r o w a n a 
a w t o r o j u 
a w t o r i z ě r o w a ń s k a 
a w t o r i z ě r o w a ś 
a w t o r y 
a w t o r s k o p š a w n i s k e g o 
a z y l a n t y 
b a c h t a n j e 
b a g n o 
b a j k o j ś o 
b a r w a 
b a r w i ś 
b a r w n u 
b a r w o j t e j 
b a r w o w e j e 
b a r w o w y c h 
b a r i e r a c h 
b a r o k o w e g o 
b a s n i c a 
b a s n j e 
b a z ě r u j u 
b ó ś o n a m 
b a r l i n 
b a r l i n s k e j e 
b e t a w o b g l ě d o w a k 
b i e r g o l d t ě r o w a 
b i l a n c u 
b i o g r a f i s k i 
b i s k u p s t w o 
b i ś 
b j e r j o m y 
b ź e z 
b ź e z d o b n y c h 
b ź e z d ź ě ł a b n y 
b ź e z k ó ń c n a 
b ź e z p e r s p e k t i w n o s ć 
b ź e z p ó s r ě d n j e 
b ź e z t e g o 
b l a k 
f l a š a 
f l a š e 
f l a š o w e 
b l i d a r j o m a 
b l i s k e m 
b l i š e 
b l i ž e 
b l o g o w a ŕ 
b l o k ě r o w a k i 
b l o k ě r o w a n i m 
b l o k ě r o w a ń s k e 
b l o k ě r u j u 
b l o k ě r u j o ś o 
b l ě d o j u 
b o g a t a 
b o g a t e j 
b o g a t s t w a 
b o g a t y 
b o g a ś o 
b o g o j u 
b o g u 
b ó j a 
b ó j a ł 
b ó j a š o 
b ó j o s ć i 
b ó l a ł o 
b ó l o s n u 
b o r b o r i n e g o 
b ó r z d ź i t e j 
b o w a 
b ł u j k a ŕ s k e j 
b ó ž e 
b ó ž e m j e 
b ó ž y c h 
b ó ž o g 
b r a m b o r s k a 
b r a m b o r s k e j 
b r a m b o r s k i c h 
b r a n ž e 
b r a t š 
b r a t š a m i 
b r a t š o j s k e 
b r a t š o j s t w a 
b r a t š y 
b r a ł e j 
b r i z a n t n y 
b r o ź e 
b r o n z o w e g o 
b r u n i c o w e j u 
b r o n i 
b r o n j o w 
b r o ž n j u 
b r ě z o w s k e m 
b u d u 
b u d y š y ń s k e 
b u d y š y ń s k i 
b u d y š a n k a 
b u d y š y n a 
b u ź 
b u ź e 
b u ź o m y 
b u ź o ś o 
b u ź i ś 
b u ź ć o 
b u l e 
b u r i k 
b u r s k e g o 
b u š t e j 
b y d l e n i m 
b y d l e ń s k u 
b y d l i ś o 
b y l i 
b e r g a ŕ k i 
b e r g a ŕ s k i c h 
n ě g a j š n e g o 
b y ś 
b y ł a 
b y ł e j 
b ó g a 
b ó r k o w o w 
b r u m a k o 
b ó c n i c y 
b ě d n e g o 
b ě g 
b ě g u 
b ě ł e 
b ě š o 
b ě ž e c a 
b ě ž a ś 
b ě ž n j e 
b ł u d n i c k i 
b ł u ź i ś 
b ł o t a 
b ł o t o w 
b ł o ś a ń s k i c h 
c a c h e j o j u 
c e d e l a 
c e n t o j s k u 
c e n t r u m o j u 
c e r t i f i k a c i j a c h 
c e r t i f i k a t o w 
c e r t i f i k a t o w e m 
c e r t i f i c ě r o w a n i š ć o 
c e r t i f i c ě r o w a ń s k i m i 
c h a r a k t e r i z ě r o w a n j u 
c h a r ś e 
c h c o m y 
c o ś o 
k ś ě ł o 
c h y l a 
c h i r u r g o j o 
c h m u t a ś 
c h ó j ź a 
c h ó j ź i m y 
c h ó r a 
c h ó r g o j o w 
c h ó r o b n e j 
c h ó r o b n y m 
c h ó r o s ć i 
c h ó r o w n j a 
c h ó r y 
c h o w a 
c h o w a n j a 
c h ó ś e b u s k e j 
c h ó ś e b u s k e m 
c h ó ś e b u z u 
k ś e b j a ś o 
k r i s t a 
k r i s t u s o w e m u 
k r i s t u s u 
c h r ó s ć i c y 
c h r ó s ć a ń 
c h r ó š ć a ń s k e j 
c h r ó š ć a ń s k i c h 
c h r ě n o m 
r o z w a ž n j e 
c h w a l o n y 
c h w a t a j u c y c h 
c h y l i 
c h y l u 
c h o r 
c h o r o w e 
w j a ž a 
w j a ž o w 
c h ł o s t a ń s k a 
c h ł o s t a ŕ n j a c h 
c h ł o d n y m 
c h ł o š ć o n k a 
c e l o j u 
c e l o w e 
c e l o w y 
c i t ě r o w a ś 
c l o w k a 
c u k o r o m 
c o m p u t e r o w u 
c o w b o y j o j o 
c u z o r ě c n e 
c u z o r ě c n y m 
c y b u l e 
c e l e 
c e r k o j u 
c e r k w i n s k a 
c e r k w i n s k e j 
c e r k w i n s k e m 
c e r k w j a m 
c e r k w j u 
c e ł e 
c e ł e j e 
c e ł k a m 
c e ł k o w n e 
c e ł k o w n e m u 
c e ł k o w n y c h 
c e ł o d n j o w s k e 
c e ł o d n j o w s k e m 
c e ł o n i m s k e 
c e ł o s t n e 
c e ł o t y ź e ń s k i m 
c e ł y 
c e ł y m 
d a j u 
d a l e j 
d a l e j d a ś o 
d a l e j k u b ł a n j e 
d a l e j k u b ł a ń s k i 
d a l e j p ó s r ě d n j e n j o w 
d a l e t r a ś u 
d a l e j w j e ź e n j u 
d a l e j w u w i ś e 
d a l o k e g o 
d a l š n a 
d a l š n e 
d a l š n e j e 
d a l š n i 
d a l š y c h 
d r u g i m a 
d a j o m 
d a ń s k i 
d a ń s k i 
d a r i ś 
p ó s ć i w a n j a 
p ó s ć i w a ń s k i 
d a r j o n y c h 
d e r m o t n e j e 
d e r m s t a d ś o 
d a t a 
d a t a j i 
d a n e 
d a t o w 
d a n y 
d a w a 
d a w a ś 
d a w k 
d a n k o w e 
d a n k o w y m 
d a ś 
d a ł a 
d e b a ś o 
m ó l a r k a m i 
d e d i c ě r o w a n y 
d e f i n ě r o w a ś 
d e f o r m ě r o w a n u 
d e j n y 
d e k l a r ě r o w a ł o 
d e k o d ě r o w a ś 
d e k o m p r i m ě r o w a ś 
d e l e g ě r o w a n j e 
d e l e g ě r u j o m y 
d o l n y c h 
d o l n e j 
d o l n o s e r b 
d o l n o s e r b s k a 
d o l n o s e r b s k e j 
d o l n o s e r b s k i 
d o l n o s e r b š ć i n a 
d o l n o s e r b š ć i n y 
d o l n o ł u ž y c a ń k a 
d e m o k r a t i s k i 
d e m o n i z ě r o w a ś 
d e m o n s t r ě r u j o 
d e r j e m ě ś e 
d e s i n f o r m a c i j a m 
d e l k o w 
d e s k t o p o w y 
d e s s a u w j e 
d e š i f r ě r o w a ń s k i 
d e š i f r ě r u j o 
d e š ć o w a 
d i a g n o s t i c ě r u j u 
d i a s e l a 
d i f e r e n c ě r o w a n e 
d i f e r e n c ě r o w a n j a 
d i f e r e n c ě r o w a n y 
d i g i t a l n e g o 
d i g i t a l n e m 
d i r e k t n j e 
d i s k r e d i t ě r u j u 
d i s k u t a n t y 
d i s k u t ě r u j u 
d i s p l a y u 
d l i j u c e 
d l e j š a 
d l e j š y 
d ł u j k o d o b n y 
d n j a m i 
d n j o w e g o 
d n j o w e m 
d n y 
d o b r e 
d o b r e j e 
d o b r o t u 
d o b r o w ó l n e m 
d o b r o ś i w e 
d o b r o ś i w o s ć u 
d o b r y 
d o b r y m 
d o b y t k 
d o b y ś a 
d o b y ś a ŕ c e 
d o b y ś a r j e 
d o b y ś a ŕ k i 
d o c e n t o j u 
d o c h a d n e j e 
d o c h a d a j u c e 
d o c h o d o w e g o 
d o j ś p i j o b n e 
d o j ś p i t a 
d o j ś p i t y c h 
d o j ś p i ś 
d o j ś p i ł 
d o j ś p i ł e 
d o d a w a j u 
l i b r o w a n j e 
l i b r o w a n k o w 
d o d a n k i 
l i b r o b n a 
d o ź a r ž e n i m 
d o g l ě d 
d o g l ě d o j u 
d o g l ě d o w a ń s k i 
d o g l ě d o w y c h 
d o g l ě d u j ś o 
d o g r o m a d y 
d o j a d n a n e 
d o j a d n a n j e 
d o j a d n a n j u 
d o j a d n a ł e j 
d o j ě z d ź u j o 
d o k u l ž 
d o c y n j o n o s ć i 
d o k u m e n t 
d o k u m e n t ě r o w a n e 
d o k u m e n t ě r u j o 
d o k ó ń c o n e 
d o k ó ń c o n y 
d o k ó ń c y ł 
d o k r a d n e 
d o k r a d n j e j 
d o k r a d n o s ć i 
d o k r a d n y m i 
d o m a 
d o m i n ě r u j u 
d o m o w n i s k e g o 
d o m o w n i s k e m 
d o m o w n y 
d o m a c n o s ć a m 
d o m a c n y 
d o m o r o d n i 
d o m o w i n a 
d o m o w i n s k e m 
d o m u 
d o n j e b j e s p ě ś u 
d o n j a s ć 
d o p o k a z a ś 
d o p o k a z u j o m y 
d o p o m a g a j ś o 
d o p o m i n a š o 
d o p o m n j e j š 
d o p o m n j e ń k o w 
d o p o m n j e ś o w 
d o p ó r u c a 
d o p ó r u c a m y 
d o p ó r u c o n e g o 
d o p ó r u c e n j e 
d o p ó r u c e n j u 
d o p ó r u c o n y 
d o p ó r u c y 
d o p ó r u c u j o 
p ś i p u š ć o n e 
d o p ó z n a ś a 
d o p ó z n a ś o w 
d o r o s t o w y 
d o r o s ć o n y c h 
d o r o z m ě j u 
d o p o w ě d a n e 
d o s e g 
d o s e g a j u c e 
d o s e g a j u 
d o s e g a ł o 
d o k ó ń c n u 
d o p o ł n e 
d o p o ł n j e j š y 
d o p o ł n y 
d o s t a ś 
d o s ě g n j o n y 
d o n ě n t n e 
d o n ě n t n e m u 
d o n ě n t n y m i 
d o w i ź i t e j 
d o w j e ź o 
p ś i w j a d ł 
d o w o b ź ě ł u j u 
d o w ó l i j u 
d o w ó l o n e 
d o w ó l o n e j 
d o w ó l o n y m 
d o w ó l i l i 
d o w ó l i ł a 
d o w ó l n o s ć 
d o w ó l n o s ć o w 
d o w ó l u j u 
d o w o p i s a ś 
d o w ě r j e 
d o w ě r i ś 
d o c a s n e 
d o c y n i ł 
d o c y t a n y 
d ł u j k e 
d ł u j k i 
d ł u j k i m 
d ł u j k o d o b n e g o 
d ł u j k o l ě t n e 
d ł u j k o s ć 
d ł u j k u 
d o ž y w i c h 
d o ž y w i j o ś o 
d o ž y w i j u 
d o ž y w j a j u 
d o ž y w j e n j e 
d o ž y w j e n j o w 
d o ž y w j e ń s k i 
d o ž y w j a ś 
d r a p a 
d r a s t w a c h 
d r a s t w o w e 
d r a s t w o w y c h 
d r a s t y 
d r a s t w j e 
d r e s ě r o w a n e g o 
d r j e w c k o 
d r j e ž d ź a ń s k e j e 
d r o g e 
d r o g o t n a 
d r o g o t n e g o 
d r o g o t k a 
d r u g a 
d r u g e 
d r u g e g o 
d r u g e j 
d r u g e m u 
d r u g i 
d r u g i m 
d r u g u 
d r u ž y n a 
d r u ž y n u 
d r u ž y c u 
d r o g o t w a ŕ s k i c h 
d r o g u 
d r ě m a c e 
d r ě m n j e 
d u b š a w a 
d u c h n e 
d u c h n i 
d u j a r j e 
d u j a ŕ s k e j 
ź u r i 
ź u r j e 
ź u r n i k o w 
d u š e p a s t y ŕ k a m 
d u š y n y 
d u š n y 
d w a ź a s t e g o 
d w a j o 
d w a n a s t e 
d w ó r j a n a 
d w ó r o w e m u 
d w ó j o a p o ł g ó ź i n s k e 
d w ó j o k š a c o w a 
d w ó j o l ě t n j e 
d w ó j o r ě c n e 
d w ó j o r ě c n i 
d w ó j o r ě c n o s ć i 
d w ó j o r ě c n y m 
d w ó j n e j 
d w ó r n i š ć o w e m 
c w i b l u j u 
d w ě s ć i 
d y n a m i z ě r o w a ś 
d e r b i m y 
d e j t e j 
d e j a ł 
d e j a ł e j 
d y r d a k o j u 
d y r d a k o j s t w o w 
d y r d a k o j u 
d o s t a n a 
d o s t a n j o m y 
d o s t a n j o š 
d o s t a w a 
d o s t a w a t e j 
d o s t a ś 
d o s t a ł 
d o s t a ł a 
d o s t a ń ś o 
d o t y k n j o 
d o t y k n j e ń s k i c h 
d ó j d u 
d o j ź e n j u 
d o j š ł a 
ź ě k 
ź ě k o w a n i m 
ź ě k o w a ł 
ź ě k o w n e j u 
ź ě k g r o n j e n j o w 
ź ě k u j u 
ź e 
d n j o w n i k i 
ź i n s a 
ź i n s a j š n e j 
ź i n s a j š n i 
ź a r ž a 
ź a r ž a ś 
ź a r ž y ś o 
ź a r ž ć o 
ź a s e t y m 
ź a s e ś o c h 
ź e w j e t e g o 
ź e w j e ś 
ź o ś o 
ź e ń 
ź i w a 
ź i w a d ł o 
ź i w a d ł o w e g o 
ź i w a d ł o w e m u 
ź i w a d ł o w y c h 
ź i w a l i 
ź i w a ś 
ź i w y c h 
ź i w e g o 
ź i w n u š k i 
ź i w y 
ź o w k i 
ź o w c y c k i 
ź ě l a 
ź ě l e 
ź ě l o n e m u 
ź ě l e ń s k e 
ź ě l o n y m 
ź ě l i m y 
ź ě l i ś o 
ź ě l n e j e 
ź ě l n e m 
ź ě l u 
ź ě r a 
ź ě r c e 
ź ě r k i 
ź ě r y 
ź ě w i n a 
ź ě w i n s k e m 
ź i ś e c e j 
ź i ś e c y 
ź i ś e c y m 
ź i ś e t s t w j e 
ź i ś i 
ź i ś o 
ź i ś a m 
ź ě ł a c h u 
ź ě ł a j u 
ź ě ł a m i 
ź ě ł a n j e 
ź ě ł a ŕ n i s t w a 
ź ě ł a ŕ n i c k i 
ź ě ł a ŕ n j a c h 
ź ě ł a b n o s ć 
ź ě ł a b n y c h 
ź ě ł a ś e ŕ 
ź ě ł a ś e ŕ k a 
ź ě ł a ł a 
ź ě ł o 
ź ě ł o m 
ź ě ł o w 
ź ě ł o w e g o 
ź ě ł o w e j u 
ź ě ł o w e m u 
ź ě ł o w y 
ź ě ł o w y m i 
ź ě ž n i k o j c a c h 
e f e k t i w n e g o 
e g m m 
e k s i s t ě r u j u c e 
e k s i s t ě r u j u c y 
e k s i s t ě r u j u c y m 
e k s i s t ě r u j o 
e k s i s t ě r u j o t e j 
e k s p e r i m e n t ě r o w a n j e 
e k s p l o d o w a ś 
e k s p o r t ě r o w a ś 
e k s t e r n e g o 
e k s t r a g ě r o w a ś 
e l e k t r o n i s k i 
e l e m e n t e m 
e m e j l o w e g o 
e m o ź i j o w 
e n e r g i j o p o l i t i s k i 
e n e r g i j o w o g ó s p o d a ŕ s k e g o 
w u s t n e j 
w u s t n y m 
e t a b l ě r u j o 
e t a ž y 
e u r a c h 
e u r o p e j s k e g o 
e u r o p e j s k i 
e u r o w 
e w a n g e l i j a 
e w a n g e l s k e j e 
f a c e b o o k 
f a c h n i k a m 
f a c h o w i 
f a c h o w e m 
f a k u l t a c h 
f e l u j u c y 
f e l u j o 
f a r a r j a 
f a r a ŕ k a 
f a r a ŕ s k i 
f a s c i n ě r u j u c e 
f a w o r i z ě r o w a ł 
f a š i s t i s k e g o 
f e s t i w a l o j u 
f i l m a r j a m i 
f i l m o w e m 
f i l t r u j ś o 
f i n a n c i e l n j e 
f i n a n c n e m u 
f i n a n c ě r o w a l i 
f i n a n c ě r o w a ń s k e g o 
f i n a n c o j s t w o 
f i n a n c e 
f i n s k i 
f l e k s i b e l n j e j š e 
f o k u s u j u 
f o l k l o r n e m 
f o r m a t ě r o w a ń s k e 
f o r m o m a 
f o r m u l a r 
f o r m u l ě r u j o 
f o r u m 
f o r u m y 
f o t o g r a f ě r o w a ś 
f o t o w a ś 
f r a k c i s k i 
f r a n c o j s k e 
f r a n c o j s k i m 
f r a n c o j š ć i n a 
f r a n k o 
f r y c u 
f u n k c i o n ě r o w a l i 
f u n k c i o n ě r o w a ł a 
f u n k c i j a 
f u n k c i o n a l n e g o 
f u n k c i o n a r j e 
f y z i k a r j e 
g a n t e m a r a 
g a r a n t ě r u j u 
g e n e r a c i j u 
g e o g r a f i j a m i 
g m e j n o m a 
g m e j n s k e j 
g r a b i c a ń s k i 
g r a f i k o w e g o 
g r a s ě r o w a š o 
r ě d a m 
r ě d o w 
g r a t u l ě r o w a ł 
g r a t u l ě r u j o m y 
g r a ś o 
g r e m i j e 
g r i l u j o 
g r o d k 
g y m n a z i a s ć a 
g y m n a z i u m o j u 
g y m n a z i u m j e 
g a d a m i 
g ó l n i k 
h a l o 
h a m o r s k e 
a m t s k e 
a m t s k i m 
h a n d l a ŕ 
g a s n y 
g a s y 
g a t a j 
g a t o m 
g a r o n a 
g a ś i ś 
h a c r u n ě ž 
g a ł u z y 
g a ł u z y 
l a š u j u 
l a š o w a ń s k e 
g d y 
ź o ž 
g ó s ć i n o w a n j e 
n j e p l e k s k e g o 
d e r b s t w u 
h e r m a n 
g r o n i d s e ń s k e j e 
g r o n i d ł a m i 
g r o n i d ł o m 
g r o n i d ł o w e 
g r o n i d ł o w e j u 
g r o n i d ł o w y m i 
h o w a c e 
g i b a m 
g i b a n j o w 
g i b a ł 
p ó g i b l i w y m 
h y l ž e 
h y n a k 
h y n a k š e 
h y n a k š y 
h y n a k š y m 
h y n a k š u 
h i s t o r i s k e g o 
h y ś 
j u ž o 
g l ě d a j 
g l ě d a j o 
g l ě d a m y 
g l ě d a n j u 
g l ě d a ŕ n j a c h 
g l ě d a ł a 
g l e j 
g l i b y 
g m m 
g n a d u 
g n i m u j u c e 
g n u j u c a 
g n u t y 
g n o j 
g ó r n i w y 
g n ě z d o w 
w j e l i c k e g o 
g ó d a m 
g ó d o w n e j 
g ó d o w n u 
g ó ź e 
g ó ź e c e j e 
g ó ź e ś 
g ó ź i j s k i m 
g ó ź i n 
g ó ź i n j e 
g ó ź i n o w 
g ó ź i n y 
g ó j i 
g ó l a ń s k a 
g ó l a ń s k i c h 
g ó l c o w 
g ó l i 
g o m o g e n i t y 
g ó n i ś 
g ó r a 
g ó r u c e 
g ó r u c o t y 
g j a r d a 
g j a r ź e 
g ó r i n a c h 
g ó r i ł a 
w j e r c h a 
g j a r n c 
g j a r n c e 
g ó r n y m 
g ó r n e j 
g ó r n o s e r b y 
g ó r n o s e r b s k e 
g ó r n o s e r b s k i 
g ó r n o s e r b š ć i n a 
g ó r n o ł u ž y s k e 
g j a r n c a ŕ 
h o r t o w s k i c h 
g ó r š ć e 
g ó s p o d a r j u j u 
g ó s p o d a ŕ k a 
g ó s p o d a ŕ s k e 
g ó s p o d a ŕ s k e j e 
g ó s p o d a ŕ s k i 
g ó s p o d a ŕ s k i m 
g ó s p o d a ŕ s k o s t r u k t u r n y 
g ó s p o d a ŕ s t w j e 
g ó s p o d a ŕ s t w o j u 
g ó s p o d o w a l i 
g ó s p o d o w a n y m i 
g ó s p o d u j ś o 
g ó s ć e ń c 
g ó s ć e ń c a r j a 
g ó s ć e ń c y 
g ó s ć i n u 
g ó s ć i ś e l o m 
g ó t e l o w n i k i 
g ó t o w a r ž k a 
g ó t o w i 
g ó t o w y 
g ó t u j o m y 
g ó z d ź i k o w 
g o ł u b i k i 
g ó ń t w j a ŕ s k e g o 
g r a 
g r o b a 
p ó p a d n u ś 
g r a j a 
g r a j a r j e 
g r a j k a 
g r a j k a j o 
g r a j k a n j u 
g r a j k a t e 
g r a j k a š 
g r a j n e 
g r a j n i š ć a c h 
g r a j n e m 
g r a l i 
g r a n i c o w 
g r a ś 
g r a ł a 
g r i b o w 
g r ě d y 
g r o d a 
g r o d u 
g r o ź i š ć o 
g r o m a d u p o ł o ž e n j u 
g r o m a ź a 
g r o m a ź e 
g r o m a ź e n j u 
g r o m a ź i ś 
g r o z n e 
g r o z a 
g r u 
g r u b j a n o j o 
g r y 
g r o ź 
g r o n k a c h 
g r o z n a 
g r ě 
g r ě j o 
h s p 
g u b u 
m u z i k a l n y c h 
g u s a m i 
g u s l a r j u 
g u s t a 
g u s t e j e 
c e s t y m i 
h y z d a ł 
g w ě z d a m i 
g w ě z d o w 
g w ě z d k o w 
g ó d 
g ó d a ń k a c h 
g ó d a ś 
g ó d n i 
g ó d n o t n e 
g ó d n o t o w e 
g ó d n o t u 
g ó d n o ś e n j a 
g ó d n o ś e ń s k e 
g ó d n o ś i ś 
g ó d n u 
g ó l c 
g ó l c o m 
g ó l c e 
g ó r c e 
g ó r k e g o 
g ó r n i k e c a ń s k e j e 
g ó r n i s k e g o 
g ó r n i s k e m 
g ó r n i s t w o w e 
g ó r s k i c h 
g ó r š y ł a 
g ó c k u 
g ł a d š e 
g ł o s a m i 
g ł o s o w 
g ł o s o w a ń s k i 
g ł o s o w a š o 
g ł o s o w e j e 
g ł o s y 
g ł o w a 
g ł o w n a 
g ł o w n e j 
g ł o w n j e 
g ł o w n o š u l s k i 
g ł o w n y 
g ł o w n y m 
g ł o w o w e 
g ł o w o w y 
g ł o w y 
d ł y m o k i 
d ł y m o k o t w a ŕ s k e 
g ł u c h e m 
g ł u p a k o 
g ł u p o s ć 
g ł o d 
g ł o d n y c h 
g ł o w k u 
g ł o s n e 
i d e j a 
i d e n t f i c ě r u j u 
i d e n t i f i c ě r o w a ł 
i d e n t i f i c ě r u j o b n y 
i d i o ś o 
i g n o r ě r o w a ś 
i g n o r ě r u j o 
i l u s t r ě r o w a n a 
i m e r s i j e 
i m i t ě r o w a ś 
i m p l e m e n t ě r o w a n a 
i m p o r t ě r o w a l i 
i m p o r t ě r o w a n j e 
i m p o r t ě r o w a ś 
i m p o r t ě r u j o ś o 
i m p u l s i w n a 
i n d i c ě r u j o 
i n d i w i d u a l n e g o 
i n d i w i d u e l n e m 
i n d u s t r i j n a 
i n d u s t r i j o w e j u 
i n f o r m a c i s k a 
i n f o r m ě r o w a l i 
i n f o r m ě r o w a ś 
