shard_size = 0 shard_count = 0
Seeding random numbers with system clock 
name: case value: true
Data::m_score_type BLEU
Data::Scorer type from Scorer: BLEU
Loading Data from: run1.scores.dat and run1.features.dat
loading feature data from run1.features.dat
loading score data from run1.scores.dat
Loading Data from: run2.scores.dat and run2.features.dat
loading feature data from run2.features.dat
loading score data from run2.scores.dat
Loading Data from: run3.scores.dat and run3.features.dat
loading feature data from run3.features.dat
loading score data from run3.scores.dat
Loading Data from: run4.scores.dat and run4.features.dat
loading feature data from run4.features.dat
loading score data from run4.scores.dat
Loading Data from: run5.scores.dat and run5.features.dat
loading feature data from run5.features.dat
loading score data from run5.scores.dat
Loading Data from: run6.scores.dat and run6.features.dat
loading feature data from run6.features.dat
loading score data from run6.scores.dat
Data loaded : [Wall 0.986081 CPU 0.985979] seconds.
Creating a pool of 16 threads
Best point: 0.00488004 0.218717 -0.0361117 -0.255442 0.248563 0.049095 0.173529 -0.0136618  => 0.823903
Stopping... : [Wall 11.753 CPU 42.0203] seconds.
